# JRE version: OpenJDK Runtime Environment (21.0.6+7) (build 21.0.6+7-Ubuntu-122.04.1)
# Java VM: OpenJDK 64-Bit Server VM (21.0.6+7-Ubuntu-122.04.1, mixed mode, sharing, tiered, compressed oops, compressed class ptrs, g1 gc, linux-amd64)
GC Precious Log:
 CardTable entry size: 512
 Card Set container configuration: InlinePtr #cards 4 size 8 Array Of Cards #cards 16 size 48 Howl #buckets 8 coarsen threshold 3686 Howl Bitmap #cards 512 size 80 coarsen threshold 460 Card regions per heap region 1 cards per card region 4096
 CPUs: 12 total, 12 available
 Memory: 15751M
 Large Page Support: Disabled
 NUMA Support: Disabled
 Compressed Oops: Enabled (Zero based)
 Heap Region Size: 2M
 Heap Min Capacity: 8M
 Heap Initial Capacity: 248M
 Heap Max Capacity: 3938M
 Pre-touch: Disabled
 Parallel Workers: 10
 Concurrent Workers: 3
 Concurrent Refinement Workers: 10
 Periodic GC: Disabled
Heap:
 garbage-first heap   total 331776K, used 136026K [0x0000000709e00000, 0x0000000800000000)
  region size 2048K, 15 young (30720K), 6 survivors (12288K)
 Metaspace       used 17968K, committed 18240K, reserved 1114112K
  class space    used 1445K, committed 1600K, reserved 1048576K
GC Heap History (20 events):
Event: 399,957 GC heap before
{Heap before GC invocations=755 (full 0):
 garbage-first heap   total 331776K, used 301354K [0x0000000709e00000, 0x0000000800000000)
  region size 2048K, 92 young (188416K), 5 survivors (10240K)
 Metaspace       used 17938K, committed 18240K, reserved 1114112K
  class space    used 1443K, committed 1600K, reserved 1048576K
}
Event: 399,959 GC heap after
{Heap after GC invocations=756 (full 0):
 garbage-first heap   total 331776K, used 123064K [0x0000000709e00000, 0x0000000800000000)
  region size 2048K, 5 young (10240K), 5 survivors (10240K)
 Metaspace       used 17938K, committed 18240K, reserved 1114112K
  class space    used 1443K, committed 1600K, reserved 1048576K
}
Event: 400,540 GC heap before
{Heap before GC invocations=756 (full 0):
 garbage-first heap   total 331776K, used 301240K [0x0000000709e00000, 0x0000000800000000)
  region size 2048K, 92 young (188416K), 5 survivors (10240K)
 Metaspace       used 17938K, committed 18240K, reserved 1114112K
  class space    used 1443K, committed 1600K, reserved 1048576K
}
Event: 400,543 GC heap after
{Heap after GC invocations=757 (full 0):
 garbage-first heap   total 331776K, used 123543K [0x0000000709e00000, 0x0000000800000000)
  region size 2048K, 5 young (10240K), 5 survivors (10240K)
 Metaspace       used 17938K, committed 18240K, reserved 1114112K
  class space    used 1443K, committed 1600K, reserved 1048576K
}
Event: 401,247 GC heap before
{Heap before GC invocations=757 (full 0):
 garbage-first heap   total 331776K, used 301719K [0x0000000709e00000, 0x0000000800000000)
  region size 2048K, 92 young (188416K), 5 survivors (10240K)
 Metaspace       used 17938K, committed 18240K, reserved 1114112K
  class space    used 1443K, committed 1600K, reserved 1048576K
}
Event: 401,252 GC heap after
{Heap after GC invocations=758 (full 0):
 garbage-first heap   total 331776K, used 124609K [0x0000000709e00000, 0x0000000800000000)
  region size 2048K, 5 young (10240K), 5 survivors (10240K)
 Metaspace       used 17938K, committed 18240K, reserved 1114112K
  class space    used 1443K, committed 1600K, reserved 1048576K
}
Event: 402,127 GC heap before
{Heap before GC invocations=758 (full 0):
 garbage-first heap   total 331776K, used 302785K [0x0000000709e00000, 0x0000000800000000)
  region size 2048K, 92 young (188416K), 5 survivors (10240K)
 Metaspace       used 17938K, committed 18240K, reserved 1114112K
  class space    used 1443K, committed 1600K, reserved 1048576K
}
Event: 402,130 GC heap after
{Heap after GC invocations=759 (full 0):
 garbage-first heap   total 331776K, used 125463K [0x0000000709e00000, 0x0000000800000000)
  region size 2048K, 6 young (12288K), 6 survivors (12288K)
 Metaspace       used 17938K, committed 18240K, reserved 1114112K
  class space    used 1443K, committed 1600K, reserved 1048576K
}
Event: 402,898 GC heap before
{Heap before GC invocations=759 (full 0):
 garbage-first heap   total 331776K, used 297495K [0x0000000709e00000, 0x0000000800000000)
  region size 2048K, 90 young (184320K), 6 survivors (12288K)
 Metaspace       used 17938K, committed 18240K, reserved 1114112K
  class space    used 1443K, committed 1600K, reserved 1048576K
}
Event: 402,900 GC heap after
{Heap after GC invocations=760 (full 0):
 garbage-first heap   total 331776K, used 125887K [0x0000000709e00000, 0x0000000800000000)
  region size 2048K, 6 young (12288K), 6 survivors (12288K)
 Metaspace       used 17938K, committed 18240K, reserved 1114112K
  class space    used 1443K, committed 1600K, reserved 1048576K
}
Event: 403,507 GC heap before
{Heap before GC invocations=761 (full 0):
 garbage-first heap   total 331776K, used 297919K [0x0000000709e00000, 0x0000000800000000)
  region size 2048K, 90 young (184320K), 6 survivors (12288K)
 Metaspace       used 17938K, committed 18240K, reserved 1114112K
  class space    used 1443K, committed 1600K, reserved 1048576K
}
Event: 403,513 GC heap after
{Heap after GC invocations=762 (full 0):
 garbage-first heap   total 331776K, used 125865K [0x0000000709e00000, 0x0000000800000000)
  region size 2048K, 5 young (10240K), 5 survivors (10240K)
 Metaspace       used 17938K, committed 18240K, reserved 1114112K
  class space    used 1443K, committed 1600K, reserved 1048576K
}
Event: 404,067 GC heap before
{Heap before GC invocations=762 (full 0):
 garbage-first heap   total 331776K, used 301993K [0x0000000709e00000, 0x0000000800000000)
  region size 2048K, 91 young (186368K), 5 survivors (10240K)
 Metaspace       used 17938K, committed 18240K, reserved 1114112K
  class space    used 1443K, committed 1600K, reserved 1048576K
}
Event: 404,089 GC heap after
{Heap after GC invocations=763 (full 0):
 garbage-first heap   total 331776K, used 116745K [0x0000000709e00000, 0x0000000800000000)
  region size 2048K, 6 young (12288K), 6 survivors (12288K)
 Metaspace       used 17938K, committed 18240K, reserved 1114112K
  class space    used 1443K, committed 1600K, reserved 1048576K
}
Event: 405,042 GC heap before
{Heap before GC invocations=763 (full 0):
 garbage-first heap   total 331776K, used 299017K [0x0000000709e00000, 0x0000000800000000)
  region size 2048K, 95 young (194560K), 6 survivors (12288K)
 Metaspace       used 17938K, committed 18240K, reserved 1114112K
  class space    used 1443K, committed 1600K, reserved 1048576K
}
Event: 405,045 GC heap after
{Heap after GC invocations=764 (full 0):
 garbage-first heap   total 331776K, used 118675K [0x0000000709e00000, 0x0000000800000000)
  region size 2048K, 6 young (12288K), 6 survivors (12288K)
 Metaspace       used 17938K, committed 18240K, reserved 1114112K
  class space    used 1443K, committed 1600K, reserved 1048576K
}
Event: 405,613 GC heap before
{Heap before GC invocations=764 (full 0):
 garbage-first heap   total 331776K, used 298899K [0x0000000709e00000, 0x0000000800000000)
  region size 2048K, 94 young (192512K), 6 survivors (12288K)
 Metaspace       used 17938K, committed 18240K, reserved 1114112K
  class space    used 1443K, committed 1600K, reserved 1048576K
}
Event: 405,615 GC heap after
{Heap after GC invocations=765 (full 0):
 garbage-first heap   total 331776K, used 119562K [0x0000000709e00000, 0x0000000800000000)
  region size 2048K, 6 young (12288K), 6 survivors (12288K)
 Metaspace       used 17938K, committed 18240K, reserved 1114112K
  class space    used 1443K, committed 1600K, reserved 1048576K
}
Event: 406,154 GC heap before
{Heap before GC invocations=765 (full 0):
 garbage-first heap   total 331776K, used 299786K [0x0000000709e00000, 0x0000000800000000)
  region size 2048K, 94 young (192512K), 6 survivors (12288K)
 Metaspace       used 17938K, committed 18240K, reserved 1114112K
  class space    used 1443K, committed 1600K, reserved 1048576K
}
Event: 406,156 GC heap after
{Heap after GC invocations=766 (full 0):
 garbage-first heap   total 331776K, used 119642K [0x0000000709e00000, 0x0000000800000000)
  region size 2048K, 6 young (12288K), 6 survivors (12288K)
 Metaspace       used 17938K, committed 18240K, reserved 1114112K
  class space    used 1443K, committed 1600K, reserved 1048576K
}

